<?xml version="1.0" encoding="UTF-8"?>
<testng-results ignored="0" total="7" passed="7" failed="0" skipped="0">
  <reporter-output>
  </reporter-output>
  <suite started-at="2023-10-18T12:37:48 EDT" name="Default suite" finished-at="2023-10-18T12:38:12 EDT" duration-ms="23233">
    <groups>
    </groups>
    <test started-at="2023-10-18T12:37:48 EDT" name="Default test" finished-at="2023-10-18T12:38:12 EDT" duration-ms="23233">
      <class name="finalexam.TestShopping">
        <test-method is-config="true" signature="testbaseSetup()[pri:0, instance:finalexam.TestShopping@53fb3dab]" started-at="2023-10-18T12:37:48 EDT" name="testbaseSetup" finished-at="2023-10-18T12:37:55 EDT" duration-ms="6885" status="PASS">
          <reporter-output>
          </reporter-output>
        </test-method> <!-- testbaseSetup -->
        <test-method signature="hover()[pri:0, instance:finalexam.TestShopping@53fb3dab]" started-at="2023-10-18T12:37:55 EDT" name="hover" finished-at="2023-10-18T12:37:59 EDT" duration-ms="4164" status="PASS">
          <reporter-output>
          </reporter-output>
        </test-method> <!-- hover -->
        <test-method signature="clickimage()[pri:1, instance:finalexam.TestShopping@53fb3dab]" started-at="2023-10-18T12:37:59 EDT" name="clickimage" finished-at="2023-10-18T12:38:00 EDT" duration-ms="913" status="PASS">
          <reporter-output>
          </reporter-output>
        </test-method> <!-- clickimage -->
        <test-method signature="writetext()[pri:2, instance:finalexam.TestShopping@53fb3dab]" started-at="2023-10-18T12:38:00 EDT" name="writetext" finished-at="2023-10-18T12:38:01 EDT" duration-ms="105" status="PASS">
          <reporter-output>
          </reporter-output>
        </test-method> <!-- writetext -->
        <test-method signature="shopcart()[pri:3, instance:finalexam.TestShopping@53fb3dab]" started-at="2023-10-18T12:38:01 EDT" name="shopcart" finished-at="2023-10-18T12:38:06 EDT" duration-ms="5925" status="PASS">
          <reporter-output>
          </reporter-output>
        </test-method> <!-- shopcart -->
        <test-method signature="displaytotal()[pri:4, instance:finalexam.TestShopping@53fb3dab]" started-at="2023-10-18T12:38:06 EDT" name="displaytotal" finished-at="2023-10-18T12:38:06 EDT" duration-ms="51" status="PASS">
          <reporter-output>
          </reporter-output>
        </test-method> <!-- displaytotal -->
        <test-method signature="gotocheckout()[pri:5, instance:finalexam.TestShopping@53fb3dab]" started-at="2023-10-18T12:38:06 EDT" name="gotocheckout" finished-at="2023-10-18T12:38:10 EDT" duration-ms="3708" status="PASS">
          <reporter-output>
          </reporter-output>
        </test-method> <!-- gotocheckout -->
        <test-method signature="validatetext()[pri:6, instance:finalexam.TestShopping@53fb3dab]" started-at="2023-10-18T12:38:10 EDT" name="validatetext" finished-at="2023-10-18T12:38:10 EDT" duration-ms="47" status="PASS">
          <reporter-output>
          </reporter-output>
        </test-method> <!-- validatetext -->
        <test-method is-config="true" signature="tearDown()[pri:0, instance:finalexam.TestShopping@53fb3dab]" started-at="2023-10-18T12:38:10 EDT" name="tearDown" finished-at="2023-10-18T12:38:12 EDT" duration-ms="1349" status="PASS">
          <reporter-output>
          </reporter-output>
        </test-method> <!-- tearDown -->
      </class> <!-- finalexam.TestShopping -->
    </test> <!-- Default test -->
  </suite> <!-- Default suite -->
</testng-results>
